IntBool

[sys_nerr]

IntEq

[run_service_maxrgb_cpu::mode]

IntAdd

[]

IntOverflow

[run_service_maxrgb_cpu::colorPtrTarget__1, run_service_maxrgb_cpu::(pixpack_target[pos]).red, run_service_maxrgb_cpu::(pixpack_target[pos]).blue, run_service_maxrgb_cpu::minPtr, run_service_maxrgb_cpu::__CPAchecker_TMP_0, run_service_maxrgb_cpu::__CPAchecker_TMP_1, run_service_maxrgb_cpu::colorPtr, run_service_maxrgb_cpu::c, run_service_maxrgb_cpu::__CPAchecker_TMP_4, run_service_maxrgb_cpu::__CPAchecker_TMP_5, run_service_maxrgb_cpu::__CPAchecker_TMP_2, run_service_maxrgb_cpu::__CPAchecker_TMP_3, run_service_maxrgb_cpu::colorPtr__1, run_service_maxrgb_cpu::(pixpack_source[pos]).blue, run_service_maxrgb_cpu::*colorPtrTarget__1, run_service_maxrgb_cpu::(pixpack_source[pos]).red, run_service_maxrgb_cpu::j, run_service_maxrgb_cpu::colorPtrSource__1, run_service_maxrgb_cpu::i, run_service_maxrgb_cpu::c__1, run_service_maxrgb_cpu::colorPtrTarget, run_service_maxrgb_cpu::rows, run_service_maxrgb_cpu::colorPtrSource, run_service_maxrgb_cpu::__CPAchecker_TMP_8, run_service_maxrgb_cpu::__CPAchecker_TMP_9, run_service_maxrgb_cpu::__CPAchecker_TMP_6, run_service_maxrgb_cpu::__CPAchecker_TMP_7, run_service_maxrgb_cpu::maxPtr, run_service_maxrgb_cpu::*colorPtrTarget, run_service_maxrgb_cpu::columns, run_service_maxrgb_cpu::(pixpack_target[pos]).green, run_service_maxrgb_cpu::(pixpack_source[pos]).green, run_service_maxrgb_cpu::pos]

ALL

[run_service_maxrgb_cpu::colorPtrTarget__1, run_service_maxrgb_cpu::(pixpack_target[pos]).red, _IO_2_1_stderr_, stdin, stdout, run_service_maxrgb_cpu::(pixpack_target[pos]).blue, sys_errlist, sys_nerr, run_service_maxrgb_cpu::minPtr, run_service_maxrgb_cpu::__CPAchecker_TMP_0, run_service_maxrgb_cpu::__CPAchecker_TMP_1, run_service_maxrgb_cpu::colorPtr, run_service_maxrgb_cpu::c, run_service_maxrgb_cpu::__CPAchecker_TMP_4, run_service_maxrgb_cpu::__CPAchecker_TMP_5, run_service_maxrgb_cpu::__CPAchecker_TMP_2, run_service_maxrgb_cpu::__CPAchecker_TMP_3, run_service_maxrgb_cpu::colorPtr__1, run_service_maxrgb_cpu::(pixpack_source[pos]).blue, run_service_maxrgb_cpu::*colorPtrTarget__1, run_service_maxrgb_cpu::__retval__, run_service_maxrgb_cpu::(pixpack_source[pos]).red, run_service_maxrgb_cpu::j, run_service_maxrgb_cpu::colorPtrSource__1, run_service_maxrgb_cpu::i, run_service_maxrgb_cpu::c__1, run_service_maxrgb_cpu::colorPtrTarget, run_service_maxrgb_cpu::rows, run_service_maxrgb_cpu::colorPtrSource, run_service_maxrgb_cpu::__CPAchecker_TMP_8, run_service_maxrgb_cpu::__CPAchecker_TMP_9, run_service_maxrgb_cpu::__CPAchecker_TMP_6, run_service_maxrgb_cpu::__CPAchecker_TMP_7, run_service_maxrgb_cpu::maxPtr, stderr, run_service_maxrgb_cpu::*colorPtrTarget, _IO_2_1_stdout_, run_service_maxrgb_cpu::mode, run_service_maxrgb_cpu::columns, run_service_maxrgb_cpu::(pixpack_target[pos]).green, run_service_maxrgb_cpu::(pixpack_source[pos]).green, _IO_2_1_stdin_, run_service_maxrgb_cpu::pos]

DEPENDENCIES

[[run_service_maxrgb_cpu::columns, run_service_maxrgb_cpu::i, run_service_maxrgb_cpu::j, run_service_maxrgb_cpu::pos, run_service_maxrgb_cpu::rows] --> [0, 1],
[run_service_maxrgb_cpu::mode] --> [1, 2, 3, 4],
[run_service_maxrgb_cpu::__retval__] --> [0],
[run_service_maxrgb_cpu::(pixpack_source[pos]).blue, run_service_maxrgb_cpu::(pixpack_source[pos]).green, run_service_maxrgb_cpu::(pixpack_source[pos]).red, run_service_maxrgb_cpu::(pixpack_target[pos]).blue, run_service_maxrgb_cpu::(pixpack_target[pos]).green, run_service_maxrgb_cpu::(pixpack_target[pos]).red, run_service_maxrgb_cpu::*colorPtrTarget, run_service_maxrgb_cpu::*colorPtrTarget__1, run_service_maxrgb_cpu::__CPAchecker_TMP_0, run_service_maxrgb_cpu::__CPAchecker_TMP_1, run_service_maxrgb_cpu::__CPAchecker_TMP_2, run_service_maxrgb_cpu::__CPAchecker_TMP_3, run_service_maxrgb_cpu::__CPAchecker_TMP_4, run_service_maxrgb_cpu::__CPAchecker_TMP_5, run_service_maxrgb_cpu::__CPAchecker_TMP_6, run_service_maxrgb_cpu::__CPAchecker_TMP_7, run_service_maxrgb_cpu::__CPAchecker_TMP_8, run_service_maxrgb_cpu::__CPAchecker_TMP_9, run_service_maxrgb_cpu::colorPtr, run_service_maxrgb_cpu::colorPtrSource, run_service_maxrgb_cpu::colorPtrSource__1, run_service_maxrgb_cpu::colorPtrTarget, run_service_maxrgb_cpu::colorPtrTarget__1, run_service_maxrgb_cpu::colorPtr__1, run_service_maxrgb_cpu::maxPtr, run_service_maxrgb_cpu::minPtr] --> [0, 1, 65535],
[run_service_maxrgb_cpu::c] --> [0, 1, 3],
[run_service_maxrgb_cpu::c__1] --> [0, 1, 3],
[_IO_2_1_stdin_] --> [],
[_IO_2_1_stdout_] --> [],
[_IO_2_1_stderr_] --> [],
[stdin] --> [],
[stdout] --> [],
[stderr] --> [],
[sys_nerr] --> [],
[sys_errlist] --> []]

